Analysis & Synthesis report for register_16
Sat Sep 18 02:00:40 2021
Quartus Prime Version 20.1.0 Build 711 06/05/2020 SJ Lite Edition


---------------------
; Table of Contents ;
---------------------
  1. Legal Notice
  2. Analysis & Synthesis Summary
  3. Analysis & Synthesis Settings
  4. Parallel Compilation
  5. Analysis & Synthesis Source Files Read
  6. Analysis & Synthesis Resource Usage Summary
  7. Analysis & Synthesis Resource Utilization by Entity
  8. General Register Statistics
  9. Post-Synthesis Netlist Statistics for Top Partition
 10. Elapsed Time Per Partition
 11. Analysis & Synthesis Messages



----------------
; Legal Notice ;
----------------
Copyright (C) 2020  Intel Corporation. All rights reserved.
Your use of Intel Corporation's design tools, logic functions 
and other software and tools, and any partner logic 
functions, and any output files from any of the foregoing 
(including device programming or simulation files), and any 
associated documentation or information are expressly subject 
to the terms and conditions of the Intel Program License 
Subscription Agreement, the Intel Quartus Prime License Agreement,
the Intel FPGA IP License Agreement, or other applicable license
agreement, including, without limitation, that your use is for
the sole purpose of programming logic devices manufactured by
Intel and sold by Intel or its authorized distributors.  Please
refer to the applicable agreement for further details, at
https://fpgasoftware.intel.com/eula.



+----------------------------------------------------------------------------------+
; Analysis & Synthesis Summary                                                     ;
+------------------------------------+---------------------------------------------+
; Analysis & Synthesis Status        ; Successful - Sat Sep 18 02:00:40 2021       ;
; Quartus Prime Version              ; 20.1.0 Build 711 06/05/2020 SJ Lite Edition ;
; Revision Name                      ; register_16                                 ;
; Top-level Entity Name              ; register_16                                 ;
; Family                             ; Cyclone IV E                                ;
; Total logic elements               ; 16                                          ;
;     Total combinational functions  ; 0                                           ;
;     Dedicated logic registers      ; 16                                          ;
; Total registers                    ; 16                                          ;
; Total pins                         ; 35                                          ;
; Total virtual pins                 ; 0                                           ;
; Total memory bits                  ; 0                                           ;
; Embedded Multiplier 9-bit elements ; 0                                           ;
; Total PLLs                         ; 0                                           ;
+------------------------------------+---------------------------------------------+


+------------------------------------------------------------------------------------------------------------+
; Analysis & Synthesis Settings                                                                              ;
+------------------------------------------------------------------+--------------------+--------------------+
; Option                                                           ; Setting            ; Default Value      ;
+------------------------------------------------------------------+--------------------+--------------------+
; Device                                                           ; EP4CE6E22C8        ;                    ;
; Top-level entity name                                            ; register_16        ; register_16        ;
; Family name                                                      ; Cyclone IV E       ; Cyclone V          ;
; Use smart compilation                                            ; Off                ; Off                ;
; Enable parallel Assembler and Timing Analyzer during compilation ; On                 ; On                 ;
; Enable compact report table                                      ; Off                ; Off                ;
; Restructure Multiplexers                                         ; Auto               ; Auto               ;
; Create Debugging Nodes for IP Cores                              ; Off                ; Off                ;
; Preserve fewer node names                                        ; On                 ; On                 ;
; Intel FPGA IP Evaluation Mode                                    ; Enable             ; Enable             ;
; Verilog Version                                                  ; Verilog_2001       ; Verilog_2001       ;
; VHDL Version                                                     ; VHDL_1993          ; VHDL_1993          ;
; State Machine Processing                                         ; Auto               ; Auto               ;
; Safe State Machine                                               ; Off                ; Off                ;
; Extract Verilog State Machines                                   ; On                 ; On                 ;
; Extract VHDL State Machines                                      ; On                 ; On                 ;
; Ignore Verilog initial constructs                                ; Off                ; Off                ;
; Iteration limit for constant Verilog loops                       ; 5000               ; 5000               ;
; Iteration limit for non-constant Verilog loops                   ; 250                ; 250                ;
; Add Pass-Through Logic to Inferred RAMs                          ; On                 ; On                 ;
; Infer RAMs from Raw Logic                                        ; On                 ; On                 ;
; Parallel Synthesis                                               ; On                 ; On                 ;
; DSP Block Balancing                                              ; Auto               ; Auto               ;
; NOT Gate Push-Back                                               ; On                 ; On                 ;
; Power-Up Don't Care                                              ; On                 ; On                 ;
; Remove Redundant Logic Cells                                     ; Off                ; Off                ;
; Remove Duplicate Registers                                       ; On                 ; On                 ;
; Ignore CARRY Buffers                                             ; Off                ; Off                ;
; Ignore CASCADE Buffers                                           ; Off                ; Off                ;
; Ignore GLOBAL Buffers                                            ; Off                ; Off                ;
; Ignore ROW GLOBAL Buffers                                        ; Off                ; Off                ;
; Ignore LCELL Buffers                                             ; Off                ; Off                ;
; Ignore SOFT Buffers                                              ; On                 ; On                 ;
; Limit AHDL Integers to 32 Bits                                   ; Off                ; Off                ;
; Optimization Technique                                           ; Balanced           ; Balanced           ;
; Carry Chain Length                                               ; 70                 ; 70                 ;
; Auto Carry Chains                                                ; On                 ; On                 ;
; Auto Open-Drain Pins                                             ; On                 ; On                 ;
; Perform WYSIWYG Primitive Resynthesis                            ; Off                ; Off                ;
; Auto ROM Replacement                                             ; On                 ; On                 ;
; Auto RAM Replacement                                             ; On                 ; On                 ;
; Auto DSP Block Replacement                                       ; On                 ; On                 ;
; Auto Shift Register Replacement                                  ; Auto               ; Auto               ;
; Allow Shift Register Merging across Hierarchies                  ; Auto               ; Auto               ;
; Auto Clock Enable Replacement                                    ; On                 ; On                 ;
; Strict RAM Replacement                                           ; Off                ; Off                ;
; Allow Synchronous Control Signals                                ; On                 ; On                 ;
; Force Use of Synchronous Clear Signals                           ; Off                ; Off                ;
; Auto RAM Block Balancing                                         ; On                 ; On                 ;
; Auto RAM to Logic Cell Conversion                                ; Off                ; Off                ;
; Auto Resource Sharing                                            ; Off                ; Off                ;
; Allow Any RAM Size For Recognition                               ; Off                ; Off                ;
; Allow Any ROM Size For Recognition                               ; Off                ; Off                ;
; Allow Any Shift Register Size For Recognition                    ; Off                ; Off                ;
; Use LogicLock Constraints during Resource Balancing              ; On                 ; On                 ;
; Ignore translate_off and synthesis_off directives                ; Off                ; Off                ;
; Timing-Driven Synthesis                                          ; On                 ; On                 ;
; Report Parameter Settings                                        ; On                 ; On                 ;
; Report Source Assignments                                        ; On                 ; On                 ;
; Report Connectivity Checks                                       ; On                 ; On                 ;
; Ignore Maximum Fan-Out Assignments                               ; Off                ; Off                ;
; Synchronization Register Chain Length                            ; 2                  ; 2                  ;
; Power Optimization During Synthesis                              ; Normal compilation ; Normal compilation ;
; HDL message level                                                ; Level2             ; Level2             ;
; Suppress Register Optimization Related Messages                  ; Off                ; Off                ;
; Number of Removed Registers Reported in Synthesis Report         ; 5000               ; 5000               ;
; Number of Swept Nodes Reported in Synthesis Report               ; 5000               ; 5000               ;
; Number of Inverted Registers Reported in Synthesis Report        ; 100                ; 100                ;
; Clock MUX Protection                                             ; On                 ; On                 ;
; Auto Gated Clock Conversion                                      ; Off                ; Off                ;
; Block Design Naming                                              ; Auto               ; Auto               ;
; SDC constraint protection                                        ; Off                ; Off                ;
; Synthesis Effort                                                 ; Auto               ; Auto               ;
; Shift Register Replacement - Allow Asynchronous Clear Signal     ; On                 ; On                 ;
; Pre-Mapping Resynthesis Optimization                             ; Off                ; Off                ;
; Analysis & Synthesis Message Level                               ; Medium             ; Medium             ;
; Disable Register Merging Across Hierarchies                      ; Auto               ; Auto               ;
; Resource Aware Inference For Block RAM                           ; On                 ; On                 ;
+------------------------------------------------------------------+--------------------+--------------------+


+------------------------------------------+
; Parallel Compilation                     ;
+----------------------------+-------------+
; Processors                 ; Number      ;
+----------------------------+-------------+
; Number detected on machine ; 8           ;
; Maximum allowed            ; 4           ;
;                            ;             ;
; Average used               ; 1.00        ;
; Maximum used               ; 1           ;
;                            ;             ;
; Usage by Processor         ; % Time Used ;
;     Processor 1            ; 100.0%      ;
+----------------------------+-------------+


+------------------------------------------------------------------------------------------------------------------------------------------------------------------+
; Analysis & Synthesis Source Files Read                                                                                                                           ;
+----------------------------------+-----------------+------------------------------------+--------------------------------------------------------------+---------+
; File Name with User-Entered Path ; Used in Netlist ; File Type                          ; File Name with Absolute Path                                 ; Library ;
+----------------------------------+-----------------+------------------------------------+--------------------------------------------------------------+---------+
; register_16.bdf                  ; yes             ; User Block Diagram/Schematic File  ; C:/Users/themhz/Desktop/EAP/PLHPSI2/projects/register_16.bdf ;         ;
; register_8.vhd                   ; yes             ; Auto-Found VHDL File               ; C:/Users/themhz/Desktop/EAP/PLHPSI2/projects/register_8.vhd  ;         ;
; register_4.vhd                   ; yes             ; Auto-Found VHDL File               ; C:/Users/themhz/Desktop/EAP/PLHPSI2/projects/register_4.vhd  ;         ;
; d_ff_ce_ac.vhd                   ; yes             ; Auto-Found VHDL File               ; C:/Users/themhz/Desktop/EAP/PLHPSI2/projects/d_ff_ce_ac.vhd  ;         ;
+----------------------------------+-----------------+------------------------------------+--------------------------------------------------------------+---------+


+---------------------------------------------------------+
; Analysis & Synthesis Resource Usage Summary             ;
+---------------------------------------------+-----------+
; Resource                                    ; Usage     ;
+---------------------------------------------+-----------+
; Estimated Total logic elements              ; 16        ;
;                                             ;           ;
; Total combinational functions               ; 0         ;
; Logic element usage by number of LUT inputs ;           ;
;     -- 4 input functions                    ; 0         ;
;     -- 3 input functions                    ; 0         ;
;     -- <=2 input functions                  ; 0         ;
;                                             ;           ;
; Logic elements by mode                      ;           ;
;     -- normal mode                          ; 0         ;
;     -- arithmetic mode                      ; 0         ;
;                                             ;           ;
; Total registers                             ; 16        ;
;     -- Dedicated logic registers            ; 16        ;
;     -- I/O registers                        ; 0         ;
;                                             ;           ;
; I/O pins                                    ; 35        ;
;                                             ;           ;
; Embedded Multiplier 9-bit elements          ; 0         ;
;                                             ;           ;
; Maximum fan-out node                        ; CLK~input ;
; Maximum fan-out                             ; 16        ;
; Total fan-out                               ; 115       ;
; Average fan-out                             ; 1.34      ;
+---------------------------------------------+-----------+


+-------------------------------------------------------------------------------------------------------------------------------------------------------------------------------------------------------------------------------------------------------------------+
; Analysis & Synthesis Resource Utilization by Entity                                                                                                                                                                                                               ;
+---------------------------------+---------------------+---------------------------+-------------+--------------+---------+-----------+------+--------------+-------------------------------------------------------------------------+-------------+--------------+
; Compilation Hierarchy Node      ; Combinational ALUTs ; Dedicated Logic Registers ; Memory Bits ; DSP Elements ; DSP 9x9 ; DSP 18x18 ; Pins ; Virtual Pins ; Full Hierarchy Name                                                     ; Entity Name ; Library Name ;
+---------------------------------+---------------------+---------------------------+-------------+--------------+---------+-----------+------+--------------+-------------------------------------------------------------------------+-------------+--------------+
; |register_16                    ; 0 (0)               ; 16 (0)                    ; 0           ; 0            ; 0       ; 0         ; 35   ; 0            ; |register_16                                                            ; register_16 ; work         ;
;    |register_8:inst1|           ; 0 (0)               ; 8 (0)                     ; 0           ; 0            ; 0       ; 0         ; 0    ; 0            ; |register_16|register_8:inst1                                           ; register_8  ; work         ;
;       |register_4:b2v_inst1|    ; 0 (0)               ; 4 (0)                     ; 0           ; 0            ; 0       ; 0         ; 0    ; 0            ; |register_16|register_8:inst1|register_4:b2v_inst1                      ; register_4  ; work         ;
;          |D_FF_CE_AC:b2v_inst1| ; 0 (0)               ; 1 (1)                     ; 0           ; 0            ; 0       ; 0         ; 0    ; 0            ; |register_16|register_8:inst1|register_4:b2v_inst1|D_FF_CE_AC:b2v_inst1 ; D_FF_CE_AC  ; work         ;
;          |D_FF_CE_AC:b2v_inst2| ; 0 (0)               ; 1 (1)                     ; 0           ; 0            ; 0       ; 0         ; 0    ; 0            ; |register_16|register_8:inst1|register_4:b2v_inst1|D_FF_CE_AC:b2v_inst2 ; D_FF_CE_AC  ; work         ;
;          |D_FF_CE_AC:b2v_inst3| ; 0 (0)               ; 1 (1)                     ; 0           ; 0            ; 0       ; 0         ; 0    ; 0            ; |register_16|register_8:inst1|register_4:b2v_inst1|D_FF_CE_AC:b2v_inst3 ; D_FF_CE_AC  ; work         ;
;          |D_FF_CE_AC:b2v_inst|  ; 0 (0)               ; 1 (1)                     ; 0           ; 0            ; 0       ; 0         ; 0    ; 0            ; |register_16|register_8:inst1|register_4:b2v_inst1|D_FF_CE_AC:b2v_inst  ; D_FF_CE_AC  ; work         ;
;       |register_4:b2v_inst|     ; 0 (0)               ; 4 (0)                     ; 0           ; 0            ; 0       ; 0         ; 0    ; 0            ; |register_16|register_8:inst1|register_4:b2v_inst                       ; register_4  ; work         ;
;          |D_FF_CE_AC:b2v_inst1| ; 0 (0)               ; 1 (1)                     ; 0           ; 0            ; 0       ; 0         ; 0    ; 0            ; |register_16|register_8:inst1|register_4:b2v_inst|D_FF_CE_AC:b2v_inst1  ; D_FF_CE_AC  ; work         ;
;          |D_FF_CE_AC:b2v_inst2| ; 0 (0)               ; 1 (1)                     ; 0           ; 0            ; 0       ; 0         ; 0    ; 0            ; |register_16|register_8:inst1|register_4:b2v_inst|D_FF_CE_AC:b2v_inst2  ; D_FF_CE_AC  ; work         ;
;          |D_FF_CE_AC:b2v_inst3| ; 0 (0)               ; 1 (1)                     ; 0           ; 0            ; 0       ; 0         ; 0    ; 0            ; |register_16|register_8:inst1|register_4:b2v_inst|D_FF_CE_AC:b2v_inst3  ; D_FF_CE_AC  ; work         ;
;          |D_FF_CE_AC:b2v_inst|  ; 0 (0)               ; 1 (1)                     ; 0           ; 0            ; 0       ; 0         ; 0    ; 0            ; |register_16|register_8:inst1|register_4:b2v_inst|D_FF_CE_AC:b2v_inst   ; D_FF_CE_AC  ; work         ;
;    |register_8:inst|            ; 0 (0)               ; 8 (0)                     ; 0           ; 0            ; 0       ; 0         ; 0    ; 0            ; |register_16|register_8:inst                                            ; register_8  ; work         ;
;       |register_4:b2v_inst1|    ; 0 (0)               ; 4 (0)                     ; 0           ; 0            ; 0       ; 0         ; 0    ; 0            ; |register_16|register_8:inst|register_4:b2v_inst1                       ; register_4  ; work         ;
;          |D_FF_CE_AC:b2v_inst1| ; 0 (0)               ; 1 (1)                     ; 0           ; 0            ; 0       ; 0         ; 0    ; 0            ; |register_16|register_8:inst|register_4:b2v_inst1|D_FF_CE_AC:b2v_inst1  ; D_FF_CE_AC  ; work         ;
;          |D_FF_CE_AC:b2v_inst2| ; 0 (0)               ; 1 (1)                     ; 0           ; 0            ; 0       ; 0         ; 0    ; 0            ; |register_16|register_8:inst|register_4:b2v_inst1|D_FF_CE_AC:b2v_inst2  ; D_FF_CE_AC  ; work         ;
;          |D_FF_CE_AC:b2v_inst3| ; 0 (0)               ; 1 (1)                     ; 0           ; 0            ; 0       ; 0         ; 0    ; 0            ; |register_16|register_8:inst|register_4:b2v_inst1|D_FF_CE_AC:b2v_inst3  ; D_FF_CE_AC  ; work         ;
;          |D_FF_CE_AC:b2v_inst|  ; 0 (0)               ; 1 (1)                     ; 0           ; 0            ; 0       ; 0         ; 0    ; 0            ; |register_16|register_8:inst|register_4:b2v_inst1|D_FF_CE_AC:b2v_inst   ; D_FF_CE_AC  ; work         ;
;       |register_4:b2v_inst|     ; 0 (0)               ; 4 (0)                     ; 0           ; 0            ; 0       ; 0         ; 0    ; 0            ; |register_16|register_8:inst|register_4:b2v_inst                        ; register_4  ; work         ;
;          |D_FF_CE_AC:b2v_inst1| ; 0 (0)               ; 1 (1)                     ; 0           ; 0            ; 0       ; 0         ; 0    ; 0            ; |register_16|register_8:inst|register_4:b2v_inst|D_FF_CE_AC:b2v_inst1   ; D_FF_CE_AC  ; work         ;
;          |D_FF_CE_AC:b2v_inst2| ; 0 (0)               ; 1 (1)                     ; 0           ; 0            ; 0       ; 0         ; 0    ; 0            ; |register_16|register_8:inst|register_4:b2v_inst|D_FF_CE_AC:b2v_inst2   ; D_FF_CE_AC  ; work         ;
;          |D_FF_CE_AC:b2v_inst3| ; 0 (0)               ; 1 (1)                     ; 0           ; 0            ; 0       ; 0         ; 0    ; 0            ; |register_16|register_8:inst|register_4:b2v_inst|D_FF_CE_AC:b2v_inst3   ; D_FF_CE_AC  ; work         ;
;          |D_FF_CE_AC:b2v_inst|  ; 0 (0)               ; 1 (1)                     ; 0           ; 0            ; 0       ; 0         ; 0    ; 0            ; |register_16|register_8:inst|register_4:b2v_inst|D_FF_CE_AC:b2v_inst    ; D_FF_CE_AC  ; work         ;
+---------------------------------+---------------------+---------------------------+-------------+--------------+---------+-----------+------+--------------+-------------------------------------------------------------------------+-------------+--------------+
Note: For table entries with two numbers listed, the numbers in parentheses indicate the number of resources of the given type used by the specific entity alone. The numbers listed outside of parentheses indicate the total resources of the given type used by the specific entity and all of its sub-entities in the hierarchy.


+------------------------------------------------------+
; General Register Statistics                          ;
+----------------------------------------------+-------+
; Statistic                                    ; Value ;
+----------------------------------------------+-------+
; Total registers                              ; 16    ;
; Number of registers using Synchronous Clear  ; 0     ;
; Number of registers using Synchronous Load   ; 0     ;
; Number of registers using Asynchronous Clear ; 16    ;
; Number of registers using Asynchronous Load  ; 0     ;
; Number of registers using Clock Enable       ; 16    ;
; Number of registers using Preset             ; 0     ;
+----------------------------------------------+-------+


+-----------------------------------------------------+
; Post-Synthesis Netlist Statistics for Top Partition ;
+-------------------+---------------------------------+
; Type              ; Count                           ;
+-------------------+---------------------------------+
; boundary_port     ; 35                              ;
; cycloneiii_ff     ; 16                              ;
;     ENA CLR       ; 16                              ;
;                   ;                                 ;
; Max LUT depth     ; 0.00                            ;
; Average LUT depth ; 0.00                            ;
+-------------------+---------------------------------+


+-------------------------------+
; Elapsed Time Per Partition    ;
+----------------+--------------+
; Partition Name ; Elapsed Time ;
+----------------+--------------+
; Top            ; 00:00:01     ;
+----------------+--------------+


+-------------------------------+
; Analysis & Synthesis Messages ;
+-------------------------------+
Info: *******************************************************************
Info: Running Quartus Prime Analysis & Synthesis
    Info: Version 20.1.0 Build 711 06/05/2020 SJ Lite Edition
    Info: Processing started: Sat Sep 18 02:00:23 2021
Info: Command: quartus_map --read_settings_files=on --write_settings_files=off register_16 -c register_16
Warning (18236): Number of processors has not been specified which may cause overloading on shared machines.  Set the global assignment NUM_PARALLEL_PROCESSORS in your QSF to an appropriate value for best performance.
Info (20030): Parallel compilation is enabled and will use 4 of the 4 processors detected
Info (12021): Found 1 design units, including 1 entities, in source file register_16.bdf
    Info (12023): Found entity 1: register_16
Info (12127): Elaborating entity "register_16" for the top level hierarchy
Warning (12125): Using design file register_8.vhd, which is not specified as a design file for the current project, but contains definitions for 2 design units and 1 entities in project
    Info (12022): Found design unit 1: register_8-bdf_type File: C:/Users/themhz/Desktop/EAP/PLHPSI2/projects/register_8.vhd Line: 50
    Info (12023): Found entity 1: register_8 File: C:/Users/themhz/Desktop/EAP/PLHPSI2/projects/register_8.vhd Line: 25
Warning (12300): Found the following files while searching for definition of entity "register_8", but did not use these files because already using a different file containing the entity definition
    Warning (12126): File: register_8.bdf
Info (12128): Elaborating entity "register_8" for hierarchy "register_8:inst"
Warning (12125): Using design file register_4.vhd, which is not specified as a design file for the current project, but contains definitions for 2 design units and 1 entities in project
    Info (12022): Found design unit 1: register_4-bdf_type File: C:/Users/themhz/Desktop/EAP/PLHPSI2/projects/register_4.vhd Line: 42
    Info (12023): Found entity 1: register_4 File: C:/Users/themhz/Desktop/EAP/PLHPSI2/projects/register_4.vhd Line: 25
Warning (12300): Found the following files while searching for definition of entity "register_4", but did not use these files because already using a different file containing the entity definition
    Warning (12126): File: register_4.bdf
Info (12128): Elaborating entity "register_4" for hierarchy "register_8:inst|register_4:b2v_inst" File: C:/Users/themhz/Desktop/EAP/PLHPSI2/projects/register_8.vhd Line: 73
Warning (12125): Using design file d_ff_ce_ac.vhd, which is not specified as a design file for the current project, but contains definitions for 2 design units and 1 entities in project
    Info (12022): Found design unit 1: D_FF_CE_AC-bdf_type File: C:/Users/themhz/Desktop/EAP/PLHPSI2/projects/d_ff_ce_ac.vhd Line: 36
    Info (12023): Found entity 1: D_FF_CE_AC File: C:/Users/themhz/Desktop/EAP/PLHPSI2/projects/d_ff_ce_ac.vhd Line: 25
Warning (12300): Found the following files while searching for definition of entity "d_ff_ce_ac", but did not use these files because already using a different file containing the entity definition
    Warning (12126): File: D_FF_CE_AC.bdf
Info (12128): Elaborating entity "d_ff_ce_ac" for hierarchy "register_8:inst|register_4:b2v_inst|d_ff_ce_ac:b2v_inst" File: C:/Users/themhz/Desktop/EAP/PLHPSI2/projects/register_4.vhd Line: 59
Info (286030): Timing-Driven Synthesis is running
Info (16010): Generating hard_block partition "hard_block:auto_generated_inst"
    Info (16011): Adding 0 node(s), including 0 DDIO, 0 PLL, 0 transceiver and 0 LCELL
Info (21057): Implemented 51 device resources after synthesis - the final resource count might be different
    Info (21058): Implemented 19 input pins
    Info (21059): Implemented 16 output pins
    Info (21061): Implemented 16 logic cells
Info: Quartus Prime Analysis & Synthesis was successful. 0 errors, 10 warnings
    Info: Peak virtual memory: 4790 megabytes
    Info: Processing ended: Sat Sep 18 02:00:40 2021
    Info: Elapsed time: 00:00:17
    Info: Total CPU time (on all processors): 00:00:40


